Case #1: 15 25
Case #2: 0 0
Case #3: 81 567
Case #4: 181 244
Case #5: 0 0
Case #6: 500 500
Case #7: 100 900
Case #8: 80 170
Case #9: 98 202
Case #10: 117 163
Case #11: 29 154
Case #12: 107 334
Case #13: 191 515
Case #14: 204 325
Case #15: 224 453
Case #16: 212 381
Case #17: 175 329
Case #18: 102 286
Case #19: 152 428
Case #20: 155 446
Case #21: 58 380
Case #22: 134 227
Case #23: 153 243
Case #24: 93 319
Case #25: 105 226
Case #26: 123 366
Case #27: 111 435
Case #28: 162 455
Case #29: 168 276
Case #30: 240 373
Case #31: 96 351
Case #32: 215 440
Case #33: 101 317
Case #34: 179 402
Case #35: 132 509
Case #36: 80 306
Case #37: 127 284
Case #38: 159 332
Case #39: 204 431
Case #40: 193 278
Case #41: 149 336
Case #42: 136 311
Case #43: 250 516
Case #44: 137 320
Case #45: 83 405
Case #46: 241 408
Case #47: 137 410
Case #48: 174 551
Case #49: 133 379
Case #50: 159 488
Case #51: 228 449
Case #52: 178 530
Case #53: 130 470
Case #54: 173 279
Case #55: 182 283
Case #56: 171 361
Case #57: 207 428
Case #58: 161 321
Case #59: 172 415
Case #60: 80 353
Case #61: 92 429
Case #62: 146 268
Case #63: 195 311
Case #64: 130 337
Case #65: 204 463
Case #66: 116 336
Case #67: 145 399
Case #68: 118 347
Case #69: 205 336
Case #70: 127 476
Case #71: 105 397
Case #72: 156 344
Case #73: 122 353
Case #74: 104 241
Case #75: 70 285
Case #76: 134 348
Case #77: 153 424
Case #78: 160 416
Case #79: 149 464
Case #80: 146 418
Case #81: 150 376
Case #82: 248 390
Case #83: 90 227
Case #84: 195 409
Case #85: 134 400
Case #86: 138 401
Case #87: 189 345
Case #88: 138 496
Case #89: 134 316
Case #90: 133 361
Case #91: 170 289
Case #92: 157 271
Case #93: 229 514
Case #94: 163 431
Case #95: 107 308
Case #96: 67 174
Case #97: 178 557
Case #98: 161 296
Case #99: 159 478
Case #100: 187 412
